Microsoft (R) Macro Assembler Version 11.00.61030.0	    04/11/15 21:16:21
main.asm						     Page 1 - 1


				
				
				; Description: Matrix Rain
				; 
				; Revision date: 2/13/2015
				
				INCLUDE Irvine32.inc
			      C ; Include file for Irvine32.lib             (Irvine32.inc)
			      C 
			      C ;OPTION CASEMAP:NONE		; optional: make identifiers case-sensitive
			      C 
			      C INCLUDE SmallWin.inc		; MS-Windows prototypes, structures, and constants
			      C .NOLIST
			      C .LIST
			      C 
			      C INCLUDE VirtualKeys.inc
			      C ; VirtualKeys.inc
			      C .NOLIST
			      C .LIST
			      C 
			      C 
			      C .NOLIST
			      C .LIST
			      C 
				INCLUDE Macros.inc
			      C .NOLIST
			      C .LIST
			      C 
 00000000			.data
				
 00000000 00000000		randPos dword ?		;Random int for 1 and 0 X position
 00000004 30			rain byte '0'			;Random int (0 or 1)
 00000005 00			y byte 0				;Y for coordinate
 00000006 4D 61 74 72 69	titleStr byte "Matrix Rain",0				;Title
	   78 20 52 61 69
	   6E 00
 00000012 27			beginX byte 39 
 00000013 59 6F 75 20 77	deathMessage byte "You were hit!...",0
	   65 72 65 20 68
	   69 74 21 2E 2E
	   2E 00
 00000024 00			rainX byte ?
 00000025 50 6C 61 79 20	replay byte "Play Again? (Y/N)",0
	   41 67 61 69 6E
	   3F 20 28 59 2F
	   4E 29 00
 00000037 00			response byte 0; Response to yes or no for replay
 00000000			.code
				
 00000000			main PROC
					
					  INVOKE SetConsoleTitle, ADDR titleStr	;calls the title
				
 0000000A  B8 00000002			  mov eax,green + (black * 16);Green Text, black background
 0000000F  E8 00000000 E		  call SetTextColor      ;Sets the color
 00000014  33 C0			  XOR eax,eax            ;clear eax
 00000016  E8 00000000 E		  call clrscr
 0000001B  E8 000000F3			  call StartPosition
 00000020  E8 00000083			  call newNum
					  call startX
main.asm(32) : error A2006:undefined symbol : startX
					
 0000002F			KeyLoop:;Die to break the loop
 0000002F  E8 0000003E			   call checkY
 00000034  E8 00000059			   call fall             ;call fall proc
 00000039  E8 00000000 E		   call ReadKey          ; looks for keyboard input
 0000003E  74 EF			   jz KeyLoop
				
 00000040  E8 00000088			   call RightIf
 00000045  E8 0000009D			   call LeftIf
						
 0000004A  EB E3			   jmp KeyLoop
 0000004C			EndLoop:
				
					   exit
 00000053			main ENDP
				
				
 00000053			FillArray proc uses ecx       ; Parameters (Number of elements,Offset Array, Range for numbers) made by John K
 00000054  55				    push ebp             ; Pushing it to access parameters from stack
 00000055  8B EC			    mov ebp, esp
 00000057  8B 4D 10			    mov ecx, [ebp + 16]  ; Moves first parameter that will be the number for the counter

 0000005A  8B 7D 0C			    mov edi, [ebp + 12]  ; Offset of array put into edi
 0000005D			L1: 
 0000005D  83 F9 00			    cmp ecx ,0           ; Loop for setting entire array with random values
 00000060  74 0D			    je endL1
 00000062  8B 45 08			    mov eax,[ebp + 8]    ; Range Paramet put into eax
 00000065  E8 00000000 E		    call RandomRange
 0000006A  FC				    cld                  ; Set direction to forward for the array intialization
 0000006B  AA				    stosb                ; Stores contents of eax into array
 0000006C  49				    dec ecx              ; decrements counter
 0000006D  EB EE			    jmp L1
 0000006F			endL1:

 0000006F  5D				    pop ebp              ; restores Ebp
					    
					    ret
 00000072			FillArray endp
				;---------------------------------------------------------------------------------------------------------------------
				
 00000072			checkY PROC ;proc to check y-coordinate Proc by Kilian
 00000072  80 3D 00000005 R		     cmp y,24d           ;see if rain hits the ground
	   18
 00000079  74 02			     je  _there
 0000007B  EB 14			     jmp _endif1
 0000007D			_there:
 0000007D  E8 00000102			     call Death
 00000082  E8 00000021			     call newNum         ;make new piece of rain
					     call startX         ;make new starting X-coord
main.asm(80) : error A2006:undefined symbol : startX
				
 00000091			_endif1:
					     
 00000091  C3					ret
 00000092			checkY ENDP ;end checkY proc
				
				;---------------------------------------------------------------------------------------------------------------------
				
 00000092			fall PROC ;proc for moving pieces downProc by Kilian	
 00000092  B8 00000032				mov eax,50 		 ; delay time ms
 00000097  E8 00000000 E			call Delay		 ;So we can see change speed 
 0000009C  FE 05 00000005 R			inc y			 ;increment y coordinate 
 000000A2  E8 0000008A			     call print
					     
 000000A7  C3					ret
 000000A8			fall ENDP;End move proc
				
				;---------------------------------------------------------------------------------------------------------------------
				
 000000A8			newNum PROC	;Make a new number and put into rain Porc by Kilian
 000000A8  E8 00000000 E			call Randomize	       ;Makes RandomRange random based on time of day 
 000000AD  B0 02			     mov al,2		       ;Between 0 or 1
 000000AF  E8 00000000 E		     call RandomRange      ;Get the number
 000000B4  3C 00				cmp al,0			  ;compare al and 0  
 000000B6  75 0B			     jne L2                ;If not equal go to L2             
				
 000000B8  C6 05 00000004 R	L1:		mov rain,'0'	       ;if al equals 0, put 0(ASCII) in rain
	   30
 000000BF  33 C0				XOR eax,eax           ;clears eax
 000000C1  EB 09				jmp ENDLOOP
				
 000000C3  C6 05 00000004 R	L2:  	mov rain,'1'          ;else al equals 1, move 1(ASCII) into rain
	   31
						
 000000CA  33 C0				XOR eax,eax           ;Clears eax
 000000CC			ENDLOOP:
					     
 000000CC  C3					ret
 000000CD				newNum ENDP;End NewNum proc
				
				;------------------------------------------------------------------------------------
				
 000000CD			RightIf PROC USES edx;John Proc
 000000CE  80 FC 4D			     cmp ah , 4Dh
 000000D1  74 02			     je Then1
 000000D3  EB 10		          jmp endright           ; Jmp to end of proc
				
 000000D5			Then1: 
 000000D5  FE 05 00000012 R			inc beginX             ; Increments X coordinate value	
 000000DB  E8 00000051			     call print
 000000E0  E8 00000000 E			call ReadKeyFlush 
					
 000000E5			endright:
					     
						ret
 000000E7			 RightIf ENDP
				
				 ;---------------------------------------------------------------------------------------------------------------------
				 
 000000E7			 LeftIf PROC USES edx;John Proc
 000000E8  80 FC 4B			     cmp ah, 4Bh
 000000EB  74 02			     je Then2
 000000ED  EB 22			     jmp endleft             ; Jmp to end of loop if user put in value that is not 3 or left arrow
 000000EF			Then2:
 000000EF  FE 0D 00000012 R		     dec beginX              ; Decrements X to move to the left
 000000F5			if6:      
 000000F5  80 3D 00000012 R	          cmp beginX, 0           ; check if X goes under 0
	   00
 000000FC  7C 02			     jl then6
 000000FE  EB 07			     jmp end6
				
 00000100			then6: 
 00000100  C6 05 00000012 R		     mov beginX, 0
	   00
 00000107			end6:	
				      
 00000107  E8 00000025			     call print
 0000010C  E8 00000000 E		     call ReadKeyFlush       ;Flushes keyboard input buffer and clears internal counter for faster response time
 00000111			endleft:
					 
					     ret
 00000113			 LeftIf ENDP
				
				 ;------------------------------------------------------------------------------------------------------------------------
				
				 
 00000113			 StartPosition PROC USES edx;John Proc
					     ;Player Starting Point
 00000114  B6 17			     mov dh , 23d; column 24
 00000116  8A 15 00000012 R		     mov dl,beginX ; row 39
 0000011C  E8 00000000 E		     call Gotoxy; places cursor in the middle of the bottom part of the console window
 00000121  B0 58			     mov al,'X'; Copies player character to the AL register to be printed
 00000123  E8 00000000 E		     call WriteChar; Prints player to screen console
 00000128  E8 00000000 E		     call crlf
					    ;Player Starting point
 0000012D  32 C0			     Xor al, al
					     ret
 00000131			 StartPosition ENDP
				
				;------------------------------------------------------------------------------------------------------------------------
				
				
				;******* proc to make it easier to reprint the rain;Killian Proc
				
 00000131			print PROC
 00000131  E8 00000000 E			call clrscr
 00000136  A1 00000000 R			mov eax,randPos	    ;move x Coordinate into eax
						mGotoxy al,y        ;Moves cursor to the position of rain
 0000013B  52		     1		push edx
 0000013C  8A 35 00000005 R  1		mov  dh,y
 00000142  8A D0	     1		mov  dl,al
 00000144  E8 00000000 E     1		call Gotoxy
 00000149  5A		     1		pop  edx
 0000014A  A3 00000000 R			mov randPos,eax     ;Move x Coordinate back to eax
 0000014F  A0 00000004 R			mov al,rain         ;Moves rain to eax to write
 00000154  E8 00000000 E			call WriteChar      ;Rewrite rain
 00000159  B6 17			     mov dh,23d  ;move cursor to character's current position ********* Added to this version by Killian edited by John
 0000015B  8A 15 00000012 R			mov dl , beginX
 00000161  80 3D 00000012 R			if5: cmp beginX, 79; check if X goes past 79
	   4F
 00000168  7F 02							jg then5
 0000016A  EB 04							jmp end5
 0000016C								then5: 
 0000016C  B2 4E								mov dl, 78d
 0000016E  B6 17								mov dh, 23d
 00000170								end5:
 00000170  E8 00000000 E			call Gotoxy
 00000175  B0 58				mov al,'X'          ;move X into al                              *********
 00000177  E8 00000000 E			call WriteChar      ;print it					**********
 0000017C  E8 00000000 E			call Crlf
 00000181  32 C0				xor al,al           ;clear al
 00000183  C3					ret
 00000184			print		ENDP
				
				;----------------------------------------------------------------------------------------------------------------------
				
 00000184			Death Proc Uses edx eax ; Added by John Descrpition: Checks where the nummber is and if it is above then X char.
				
 00000186				If4:
 00000186  A0 00000012 R			mov al , beginX ; Moves the Character's X coordinate into eax for cmp
 0000018B  3A 05 00000024 R			cmp al , rainX
 00000191  74 02				je then4
 00000193  EB 67				jmp yes
 00000195					then4:
 00000195  E8 00000000 E				call Clrscr
 0000019A  B6 0C					mov dh, 12
 0000019C  B2 21					mov dl, 33
 0000019E  E8 00000000 E				call Gotoxy; Sets cursor to print kill message
 000001A3  BA 00000013 R				mov edx, offset deathmessage
 000001A8  E8 00000000 E				call WriteString; Displays deathmessage
 000001AD  E8 00000000 E				call Crlf
 000001B2  33 C0					XOR eax,eax; clears eax for the yes/no loop
				
 000001B4					loop1:
 000001B4  80 3D 00000037 R				cmp response , 0
	   00
 000001BB  75 1F					jne answer	
 000001BD  B2 21					mov dl,33
 000001BF  B6 0D					mov dh,13
 000001C1  E8 00000000 E				call Gotoxy
 000001C6  BA 00000025 R				mov edx, offset replay
 000001CB  E8 00000000 E				call WriteString
 000001D0  E8 00000000 E				call Readchar
 000001D5  A2 00000037 R				mov response, al
 000001DA  EB D8					jmp loop1
				
 000001DC					answer:
 000001DC  80 0D 00000037 R				 Or response, 00100000B; bitmask for lowercase conversion
	   20
 000001E3  80 3D 00000037 R				 cmp response, 'y'; Yes reponse
	   79
 000001EA  74 10					 je yes
				
 000001EC  B6 18				      mov dh, 24
 000001EE  B2 00					 mov dl, 0
 000001F0  E8 00000000 E				 call Gotoxy
							
							 exit; Exits if al is not 'y'
						
 000001FC					yes:
 000001FC  C6 05 00000037 R			mov response,0
	   00
						ret
 00000206			Death ENDP
				
				END main
Microsoft (R) Macro Assembler Version 11.00.61030.0	    04/11/15 21:16:21
main.asm						     Symbols 2 - 1




Macros:

                N a m e                 Type

IsDefined  . . . . . . . . . . .	Func
Startup  . . . . . . . . . . . .	Proc
mDumpMem . . . . . . . . . . . .	Proc
mDump  . . . . . . . . . . . . .	Proc
mGotoxy  . . . . . . . . . . . .	Proc
mReadString  . . . . . . . . . .	Proc
mShowRegister  . . . . . . . . .	Proc
mShow  . . . . . . . . . . . . .	Proc
mWriteLn . . . . . . . . . . . .	Proc
mWriteSpace  . . . . . . . . . .	Proc
mWriteString . . . . . . . . . .	Proc
mWrite . . . . . . . . . . . . .	Proc


Structures and Unions:

                N a m e                  Size
                                         Offset      Type

CONSOLE_CURSOR_INFO  . . . . . .	 00000008
  dwSize . . . . . . . . . . . .	 00000000	 DWord
  bVisible . . . . . . . . . . .	 00000004	 DWord
CONSOLE_SCREEN_BUFFER_INFO . . .	 00000016
  dwSize . . . . . . . . . . . .	 00000000	 DWord
  dwCursorPosition . . . . . . .	 00000004	 DWord
  wAttributes  . . . . . . . . .	 00000008	 Word
  srWindow . . . . . . . . . . .	 0000000A	 QWord
  dwMaximumWindowSize  . . . . .	 00000012	 DWord
COORD  . . . . . . . . . . . . .	 00000004
  X  . . . . . . . . . . . . . .	 00000000	 Word
  Y  . . . . . . . . . . . . . .	 00000002	 Word
FILETIME . . . . . . . . . . . .	 00000008
  loDateTime . . . . . . . . . .	 00000000	 DWord
  hiDateTime . . . . . . . . . .	 00000004	 DWord
FOCUS_EVENT_RECORD . . . . . . .	 00000004
  bSetFocus  . . . . . . . . . .	 00000000	 DWord
FPU_ENVIRON  . . . . . . . . . .	 0000001C
  controlWord  . . . . . . . . .	 00000000	 Word
  statusWord . . . . . . . . . .	 00000004	 Word
  tagWord  . . . . . . . . . . .	 00000008	 Word
  instrPointerOffset . . . . . .	 0000000C	 DWord
  instrPointerSelector . . . . .	 00000010	 DWord
  operandPointerOffset . . . . .	 00000014	 DWord
  operandPointerSelector . . . .	 00000018	 Word
INPUT_RECORD . . . . . . . . . .	 00000014
  EventType  . . . . . . . . . .	 00000000	 Word
  Event  . . . . . . . . . . . .	 00000004	 XmmWord
  bKeyDown . . . . . . . . . . .	 00000000	 DWord
  wRepeatCount . . . . . . . . .	 00000004	 Word
  wVirtualKeyCode  . . . . . . .	 00000006	 Word
  wVirtualScanCode . . . . . . .	 00000008	 Word
  uChar  . . . . . . . . . . . .	 0000000A	 Word
  UnicodeChar  . . . . . . . . .	 00000000	 Word
  AsciiChar  . . . . . . . . . .	 00000000	 Byte
  dwControlKeyState  . . . . . .	 0000000C	 DWord
  dwMousePosition  . . . . . . .	 00000000	 DWord
  dwButtonState  . . . . . . . .	 00000004	 DWord
  dwMouseControlKeyState . . . .	 00000008	 DWord
  dwEventFlags . . . . . . . . .	 0000000C	 DWord
  dwSize . . . . . . . . . . . .	 00000000	 DWord
  dwCommandId  . . . . . . . . .	 00000000	 DWord
  bSetFocus  . . . . . . . . . .	 00000000	 DWord
KEY_EVENT_RECORD . . . . . . . .	 00000010
  bKeyDown . . . . . . . . . . .	 00000000	 DWord
  wRepeatCount . . . . . . . . .	 00000004	 Word
  wVirtualKeyCode  . . . . . . .	 00000006	 Word
  wVirtualScanCode . . . . . . .	 00000008	 Word
  uChar  . . . . . . . . . . . .	 0000000A	 Word
  UnicodeChar  . . . . . . . . .	 00000000	 Word
  AsciiChar  . . . . . . . . . .	 00000000	 Byte
  dwControlKeyState  . . . . . .	 0000000C	 DWord
MENU_EVENT_RECORD  . . . . . . .	 00000004
  dwCommandId  . . . . . . . . .	 00000000	 DWord
MOUSE_EVENT_RECORD . . . . . . .	 00000010
  dwMousePosition  . . . . . . .	 00000000	 DWord
  dwButtonState  . . . . . . . .	 00000004	 DWord
  dwMouseControlKeyState . . . .	 00000008	 DWord
  dwEventFlags . . . . . . . . .	 0000000C	 DWord
SMALL_RECT . . . . . . . . . . .	 00000008
  Left . . . . . . . . . . . . .	 00000000	 Word
  Top  . . . . . . . . . . . . .	 00000002	 Word
  Right  . . . . . . . . . . . .	 00000004	 Word
  Bottom . . . . . . . . . . . .	 00000006	 Word
SYSTEMTIME . . . . . . . . . . .	 00000010
  wYear  . . . . . . . . . . . .	 00000000	 Word
  wMonth . . . . . . . . . . . .	 00000002	 Word
  wDayOfWeek . . . . . . . . . .	 00000004	 Word
  wDay . . . . . . . . . . . . .	 00000006	 Word
  wHour  . . . . . . . . . . . .	 00000008	 Word
  wMinute  . . . . . . . . . . .	 0000000A	 Word
  wSecond  . . . . . . . . . . .	 0000000C	 Word
  wMilliseconds  . . . . . . . .	 0000000E	 Word
WINDOW_BUFFER_SIZE_RECORD  . . .	 00000004
  dwSize . . . . . . . . . . . .	 00000000	 DWord


Segments and Groups:

                N a m e                 Size     Length   Align   Combine Class

FLAT . . . . . . . . . . . . . .	GROUP
STACK  . . . . . . . . . . . . .	32 Bit	 00001000 Para	  Stack	  'STACK'	 
_DATA  . . . . . . . . . . . . .	32 Bit	 00000038 Para	  Public  'DATA'	
_TEXT  . . . . . . . . . . . . .	32 Bit	 00000206 Para	  Public  'CODE'	


Procedures, parameters, and locals:

                N a m e                 Type     Value    Attr

CloseFile  . . . . . . . . . . .	P Near	 00000000 FLAT	Length= 00000000 External STDCALL
CloseHandle  . . . . . . . . . .	P Near	 00000000 FLAT	Length= 00000000 External STDCALL
Clrscr . . . . . . . . . . . . .	P Near	 00000000 FLAT	Length= 00000000 External STDCALL
CreateFileA  . . . . . . . . . .	P Near	 00000000 FLAT	Length= 00000000 External STDCALL
CreateOutputFile . . . . . . . .	P Near	 00000000 FLAT	Length= 00000000 External STDCALL
Crlf . . . . . . . . . . . . . .	P Near	 00000000 FLAT	Length= 00000000 External STDCALL
Death  . . . . . . . . . . . . .	P Near	 00000184 _TEXT	Length= 00000082 Public STDCALL
  If4  . . . . . . . . . . . . .	L Near	 00000186 _TEXT	
  then4  . . . . . . . . . . . .	L Near	 00000195 _TEXT	
  loop1  . . . . . . . . . . . .	L Near	 000001B4 _TEXT	
  answer . . . . . . . . . . . .	L Near	 000001DC _TEXT	
  yes  . . . . . . . . . . . . .	L Near	 000001FC _TEXT	
Delay  . . . . . . . . . . . . .	P Near	 00000000 FLAT	Length= 00000000 External STDCALL
DumpMem  . . . . . . . . . . . .	P Near	 00000000 FLAT	Length= 00000000 External STDCALL
DumpRegs . . . . . . . . . . . .	P Near	 00000000 FLAT	Length= 00000000 External STDCALL
ExitProcess  . . . . . . . . . .	P Near	 00000000 FLAT	Length= 00000000 External STDCALL
FileTimeToDosDateTime  . . . . .	P Near	 00000000 FLAT	Length= 00000000 External STDCALL
FileTimeToSystemTime . . . . . .	P Near	 00000000 FLAT	Length= 00000000 External STDCALL
FillArray  . . . . . . . . . . .	P Near	 00000053 _TEXT	Length= 0000001F Public STDCALL
  L1 . . . . . . . . . . . . . .	L Near	 0000005D _TEXT	
  endL1  . . . . . . . . . . . .	L Near	 0000006F _TEXT	
FlushConsoleInputBuffer  . . . .	P Near	 00000000 FLAT	Length= 00000000 External STDCALL
FormatMessageA . . . . . . . . .	P Near	 00000000 FLAT	Length= 00000000 External STDCALL
GetCommandLineA  . . . . . . . .	P Near	 00000000 FLAT	Length= 00000000 External STDCALL
GetCommandTail . . . . . . . . .	P Near	 00000000 FLAT	Length= 00000000 External STDCALL
GetConsoleCP . . . . . . . . . .	P Near	 00000000 FLAT	Length= 00000000 External STDCALL
GetConsoleCursorInfo . . . . . .	P Near	 00000000 FLAT	Length= 00000000 External STDCALL
GetConsoleMode . . . . . . . . .	P Near	 00000000 FLAT	Length= 00000000 External STDCALL
GetConsoleScreenBufferInfo . . .	P Near	 00000000 FLAT	Length= 00000000 External STDCALL
GetDateTime  . . . . . . . . . .	P Near	 00000000 FLAT	Length= 00000000 External STDCALL
GetFileTime  . . . . . . . . . .	P Near	 00000000 FLAT	Length= 00000000 External STDCALL
GetKeyState  . . . . . . . . . .	P Near	 00000000 FLAT	Length= 00000000 External STDCALL
GetLastError . . . . . . . . . .	P Near	 00000000 FLAT	Length= 00000000 External STDCALL
GetLocalTime . . . . . . . . . .	P Near	 00000000 FLAT	Length= 00000000 External STDCALL
GetMaxXY . . . . . . . . . . . .	P Near	 00000000 FLAT	Length= 00000000 External STDCALL
GetMseconds  . . . . . . . . . .	P Near	 00000000 FLAT	Length= 00000000 External STDCALL
GetNumberOfConsoleInputEvents  .	P Near	 00000000 FLAT	Length= 00000000 External STDCALL
GetProcessHeap . . . . . . . . .	P Near	 00000000 FLAT	Length= 00000000 External STDCALL
GetStdHandle . . . . . . . . . .	P Near	 00000000 FLAT	Length= 00000000 External STDCALL
GetSystemTime  . . . . . . . . .	P Near	 00000000 FLAT	Length= 00000000 External STDCALL
GetTextColor . . . . . . . . . .	P Near	 00000000 FLAT	Length= 00000000 External STDCALL
GetTickCount . . . . . . . . . .	P Near	 00000000 FLAT	Length= 00000000 External STDCALL
Gotoxy . . . . . . . . . . . . .	P Near	 00000000 FLAT	Length= 00000000 External STDCALL
HeapAlloc  . . . . . . . . . . .	P Near	 00000000 FLAT	Length= 00000000 External STDCALL
HeapCreate . . . . . . . . . . .	P Near	 00000000 FLAT	Length= 00000000 External STDCALL
HeapDestroy  . . . . . . . . . .	P Near	 00000000 FLAT	Length= 00000000 External STDCALL
HeapFree . . . . . . . . . . . .	P Near	 00000000 FLAT	Length= 00000000 External STDCALL
HeapSize . . . . . . . . . . . .	P Near	 00000000 FLAT	Length= 00000000 External STDCALL
IsDigit  . . . . . . . . . . . .	P Near	 00000000 FLAT	Length= 00000000 External STDCALL
LeftIf . . . . . . . . . . . . .	P Near	 000000E7 _TEXT	Length= 0000002C Public STDCALL
  Then2  . . . . . . . . . . . .	L Near	 000000EF _TEXT	
  if6  . . . . . . . . . . . . .	L Near	 000000F5 _TEXT	
  then6  . . . . . . . . . . . .	L Near	 00000100 _TEXT	
  end6 . . . . . . . . . . . . .	L Near	 00000107 _TEXT	
  endleft  . . . . . . . . . . .	L Near	 00000111 _TEXT	
LocalFree  . . . . . . . . . . .	P Near	 00000000 FLAT	Length= 00000000 External STDCALL
MessageBoxA  . . . . . . . . . .	P Near	 00000000 FLAT	Length= 00000000 External STDCALL
MsgBoxAsk  . . . . . . . . . . .	P Near	 00000000 FLAT	Length= 00000000 External STDCALL
MsgBox . . . . . . . . . . . . .	P Near	 00000000 FLAT	Length= 00000000 External STDCALL
OpenInputFile  . . . . . . . . .	P Near	 00000000 FLAT	Length= 00000000 External STDCALL
ParseDecimal32 . . . . . . . . .	P Near	 00000000 FLAT	Length= 00000000 External STDCALL
ParseInteger32 . . . . . . . . .	P Near	 00000000 FLAT	Length= 00000000 External STDCALL
PeekConsoleInputA  . . . . . . .	P Near	 00000000 FLAT	Length= 00000000 External STDCALL
Random32 . . . . . . . . . . . .	P Near	 00000000 FLAT	Length= 00000000 External STDCALL
RandomRange  . . . . . . . . . .	P Near	 00000000 FLAT	Length= 00000000 External STDCALL
Randomize  . . . . . . . . . . .	P Near	 00000000 FLAT	Length= 00000000 External STDCALL
ReadChar . . . . . . . . . . . .	P Near	 00000000 FLAT	Length= 00000000 External STDCALL
ReadConsoleA . . . . . . . . . .	P Near	 00000000 FLAT	Length= 00000000 External STDCALL
ReadConsoleInputA  . . . . . . .	P Near	 00000000 FLAT	Length= 00000000 External STDCALL
ReadDec  . . . . . . . . . . . .	P Near	 00000000 FLAT	Length= 00000000 External STDCALL
ReadFile . . . . . . . . . . . .	P Near	 00000000 FLAT	Length= 00000000 External STDCALL
ReadFloat  . . . . . . . . . . .	P Near	 00000000 FLAT	Length= 00000000 External STDCALL
ReadFromFile . . . . . . . . . .	P Near	 00000000 FLAT	Length= 00000000 External STDCALL
ReadHex  . . . . . . . . . . . .	P Near	 00000000 FLAT	Length= 00000000 External STDCALL
ReadInt  . . . . . . . . . . . .	P Near	 00000000 FLAT	Length= 00000000 External STDCALL
ReadKeyFlush . . . . . . . . . .	P Near	 00000000 FLAT	Length= 00000000 External STDCALL
ReadKey  . . . . . . . . . . . .	P Near	 00000000 FLAT	Length= 00000000 External STDCALL
ReadString . . . . . . . . . . .	P Near	 00000000 FLAT	Length= 00000000 External STDCALL
RightIf  . . . . . . . . . . . .	P Near	 000000CD _TEXT	Length= 0000001A Public STDCALL
  Then1  . . . . . . . . . . . .	L Near	 000000D5 _TEXT	
  endright . . . . . . . . . . .	L Near	 000000E5 _TEXT	
SetConsoleCursorInfo . . . . . .	P Near	 00000000 FLAT	Length= 00000000 External STDCALL
SetConsoleCursorPosition . . . .	P Near	 00000000 FLAT	Length= 00000000 External STDCALL
SetConsoleMode . . . . . . . . .	P Near	 00000000 FLAT	Length= 00000000 External STDCALL
SetConsoleScreenBufferSize . . .	P Near	 00000000 FLAT	Length= 00000000 External STDCALL
SetConsoleTextAttribute  . . . .	P Near	 00000000 FLAT	Length= 00000000 External STDCALL
SetConsoleTitleA . . . . . . . .	P Near	 00000000 FLAT	Length= 00000000 External STDCALL
SetConsoleWindowInfo . . . . . .	P Near	 00000000 FLAT	Length= 00000000 External STDCALL
SetFilePointer . . . . . . . . .	P Near	 00000000 FLAT	Length= 00000000 External STDCALL
SetLocalTime . . . . . . . . . .	P Near	 00000000 FLAT	Length= 00000000 External STDCALL
SetTextColor . . . . . . . . . .	P Near	 00000000 FLAT	Length= 00000000 External STDCALL
ShowFPUStack . . . . . . . . . .	P Near	 00000000 FLAT	Length= 00000000 External STDCALL
Sleep  . . . . . . . . . . . . .	P Near	 00000000 FLAT	Length= 00000000 External STDCALL
StartPosition  . . . . . . . . .	P Near	 00000113 _TEXT	Length= 0000001E Public STDCALL
StrLength  . . . . . . . . . . .	P Near	 00000000 FLAT	Length= 00000000 External STDCALL
Str_compare  . . . . . . . . . .	P Near	 00000000 FLAT	Length= 00000000 External STDCALL
Str_copy . . . . . . . . . . . .	P Near	 00000000 FLAT	Length= 00000000 External STDCALL
Str_length . . . . . . . . . . .	P Near	 00000000 FLAT	Length= 00000000 External STDCALL
Str_trim . . . . . . . . . . . .	P Near	 00000000 FLAT	Length= 00000000 External STDCALL
Str_ucase  . . . . . . . . . . .	P Near	 00000000 FLAT	Length= 00000000 External STDCALL
SystemTimeToFileTime . . . . . .	P Near	 00000000 FLAT	Length= 00000000 External STDCALL
WaitMsg  . . . . . . . . . . . .	P Near	 00000000 FLAT	Length= 00000000 External STDCALL
WriteBinB  . . . . . . . . . . .	P Near	 00000000 FLAT	Length= 00000000 External STDCALL
WriteBin . . . . . . . . . . . .	P Near	 00000000 FLAT	Length= 00000000 External STDCALL
WriteChar  . . . . . . . . . . .	P Near	 00000000 FLAT	Length= 00000000 External STDCALL
WriteConsoleA  . . . . . . . . .	P Near	 00000000 FLAT	Length= 00000000 External STDCALL
WriteConsoleOutputAttribute  . .	P Near	 00000000 FLAT	Length= 00000000 External STDCALL
WriteConsoleOutputCharacterA . .	P Near	 00000000 FLAT	Length= 00000000 External STDCALL
WriteDec . . . . . . . . . . . .	P Near	 00000000 FLAT	Length= 00000000 External STDCALL
WriteFile  . . . . . . . . . . .	P Near	 00000000 FLAT	Length= 00000000 External STDCALL
WriteFloat . . . . . . . . . . .	P Near	 00000000 FLAT	Length= 00000000 External STDCALL
WriteHexB  . . . . . . . . . . .	P Near	 00000000 FLAT	Length= 00000000 External STDCALL
WriteHex . . . . . . . . . . . .	P Near	 00000000 FLAT	Length= 00000000 External STDCALL
WriteInt . . . . . . . . . . . .	P Near	 00000000 FLAT	Length= 00000000 External STDCALL
WriteStackFrameName  . . . . . .	P Near	 00000000 FLAT	Length= 00000000 External STDCALL
WriteStackFrame  . . . . . . . .	P Near	 00000000 FLAT	Length= 00000000 External STDCALL
WriteString  . . . . . . . . . .	P Near	 00000000 FLAT	Length= 00000000 External STDCALL
WriteToFile  . . . . . . . . . .	P Near	 00000000 FLAT	Length= 00000000 External STDCALL
WriteWindowsMsg  . . . . . . . .	P Near	 00000000 FLAT	Length= 00000000 External STDCALL
checkY . . . . . . . . . . . . .	P Near	 00000072 _TEXT	Length= 00000020 Public STDCALL
  _there . . . . . . . . . . . .	L Near	 0000007D _TEXT	
  _endif1  . . . . . . . . . . .	L Near	 00000091 _TEXT	
fall . . . . . . . . . . . . . .	P Near	 00000092 _TEXT	Length= 00000016 Public STDCALL
main . . . . . . . . . . . . . .	P Near	 00000000 _TEXT	Length= 00000053 Public STDCALL
  KeyLoop  . . . . . . . . . . .	L Near	 0000002F _TEXT	
  EndLoop  . . . . . . . . . . .	L Near	 0000004C _TEXT	
newNum . . . . . . . . . . . . .	P Near	 000000A8 _TEXT	Length= 00000025 Public STDCALL
  L1 . . . . . . . . . . . . . .	L Near	 000000B8 _TEXT	
  L2 . . . . . . . . . . . . . .	L Near	 000000C3 _TEXT	
  ENDLOOP  . . . . . . . . . . .	L Near	 000000CC _TEXT	
printf . . . . . . . . . . . . .	P Near	 00000000 FLAT	Length= 00000000 External C
print  . . . . . . . . . . . . .	P Near	 00000131 _TEXT	Length= 00000053 Public STDCALL
  if5  . . . . . . . . . . . . .	L Near	 00000161 _TEXT	
  then5  . . . . . . . . . . . .	L Near	 0000016C _TEXT	
  end5 . . . . . . . . . . . . .	L Near	 00000170 _TEXT	
scanf  . . . . . . . . . . . . .	P Near	 00000000 FLAT	Length= 00000000 External C
wsprintfA  . . . . . . . . . . .	P Near	 00000000 FLAT	Length= 00000000 External C


Symbols:

                N a m e                 Type     Value    Attr

@CodeSize  . . . . . . . . . . .	Number	 00000000h   
@DataSize  . . . . . . . . . . .	Number	 00000000h   
@Interface . . . . . . . . . . .	Number	 00000003h   
@Model . . . . . . . . . . . . .	Number	 00000007h   
@code  . . . . . . . . . . . . .	Text   	 _TEXT
@data  . . . . . . . . . . . . .	Text   	 FLAT
@fardata?  . . . . . . . . . . .	Text   	 FLAT
@fardata . . . . . . . . . . . .	Text   	 FLAT
@stack . . . . . . . . . . . . .	Text   	 FLAT
ALT_MASK . . . . . . . . . . . .	Number	 00000003h   
CAPSLOCK_ON  . . . . . . . . . .	Number	 00000080h   
CREATE_ALWAYS  . . . . . . . . .	Number	 00000002h   
CREATE_NEW . . . . . . . . . . .	Number	 00000001h   
CTRL_MASK  . . . . . . . . . . .	Number	 0000000Ch   
CreateFile . . . . . . . . . . .	Text   	 CreateFileA
DO_NOT_SHARE . . . . . . . . . .	Number	 00000000h   
ENABLE_ECHO_INPUT  . . . . . . .	Number	 00000004h   
ENABLE_LINE_INPUT  . . . . . . .	Number	 00000002h   
ENABLE_MOUSE_INPUT . . . . . . .	Number	 00000010h   
ENABLE_PROCESSED_INPUT . . . . .	Number	 00000001h   
ENABLE_PROCESSED_OUTPUT  . . . .	Number	 00000001h   
ENABLE_WINDOW_INPUT  . . . . . .	Number	 00000008h   
ENABLE_WRAP_AT_EOL_OUTPUT  . . .	Number	 00000002h   
ENHANCED_KEY . . . . . . . . . .	Number	 00000100h   
FALSE  . . . . . . . . . . . . .	Number	 00000000h   
FILE_APPEND_DATA . . . . . . . .	Number	 00000004h   
FILE_ATTRIBUTE_ARCHIVE . . . . .	Number	 00000020h   
FILE_ATTRIBUTE_COMPRESSED  . . .	Number	 00000800h   
FILE_ATTRIBUTE_DEVICE  . . . . .	Number	 00000040h   
FILE_ATTRIBUTE_DIRECTORY . . . .	Number	 00000010h   
FILE_ATTRIBUTE_ENCRYPTED . . . .	Number	 00004000h   
FILE_ATTRIBUTE_HIDDEN  . . . . .	Number	 00000002h   
FILE_ATTRIBUTE_NORMAL  . . . . .	Number	 00000080h   
FILE_ATTRIBUTE_NOT_CONTENT_INDEXED .	Number	 00002000h   
FILE_ATTRIBUTE_OFFLINE . . . . .	Number	 00001000h   
FILE_ATTRIBUTE_READONLY  . . . .	Number	 00000001h   
FILE_ATTRIBUTE_REPARSE_POINT . .	Number	 00000400h   
FILE_ATTRIBUTE_SPARSE_FILE . . .	Number	 00000200h   
FILE_ATTRIBUTE_SYSTEM  . . . . .	Number	 00000004h   
FILE_ATTRIBUTE_TEMPORARY . . . .	Number	 00000100h   
FILE_BEGIN . . . . . . . . . . .	Number	 00000000h   
FILE_CURRENT . . . . . . . . . .	Number	 00000001h   
FILE_DELETE_CHILD  . . . . . . .	Number	 00000040h   
FILE_END . . . . . . . . . . . .	Number	 00000002h   
FILE_READ_DATA . . . . . . . . .	Number	 00000001h   
FILE_SHARE_DELETE  . . . . . . .	Number	 00000004h   
FILE_SHARE_READ  . . . . . . . .	Number	 00000001h   
FILE_SHARE_WRITE . . . . . . . .	Number	 00000002h   
FILE_WRITE_DATA  . . . . . . . .	Number	 00000002h   
FOCUS_EVENT  . . . . . . . . . .	Number	 00000010h   
FORMAT_MESSAGE_ALLOCATE_BUFFER .	Number	 00000100h   
FORMAT_MESSAGE_FROM_SYSTEM . . .	Number	 00001000h   
FormatMessage  . . . . . . . . .	Text   	 FormatMessageA
GENERIC_ALL  . . . . . . . . . .	Number	 10000000h   
GENERIC_EXECUTE  . . . . . . . .	Number	 20000000h   
GENERIC_READ . . . . . . . . . .	Number	 -80000000h   
GENERIC_WRITE  . . . . . . . . .	Number	 40000000h   
GetCommandLine . . . . . . . . .	Text   	 GetCommandLineA
HANDLE . . . . . . . . . . . . .	Text   	 DWORD
HEAP_GENERATE_EXCEPTIONS . . . .	Number	 00000004h   
HEAP_GROWABLE  . . . . . . . . .	Number	 00000002h   
HEAP_NO_SERIALIZE  . . . . . . .	Number	 00000001h   
HEAP_REALLOC_IN_PLACE_ONLY . . .	Number	 00000010h   
HEAP_ZERO_MEMORY . . . . . . . .	Number	 00000008h   
IDABORT  . . . . . . . . . . . .	Number	 00000003h   
IDCANCEL . . . . . . . . . . . .	Number	 00000002h   
IDCLOSE  . . . . . . . . . . . .	Number	 00000008h   
IDCONTINUE . . . . . . . . . . .	Number	 0000000Bh   
IDHELP . . . . . . . . . . . . .	Number	 00000009h   
IDIGNORE . . . . . . . . . . . .	Number	 00000005h   
IDNO . . . . . . . . . . . . . .	Number	 00000007h   
IDOK . . . . . . . . . . . . . .	Number	 00000001h   
IDRETRY  . . . . . . . . . . . .	Number	 00000004h   
IDTIMEOUT  . . . . . . . . . . .	Number	 00007D00h   
IDTRYAGAIN . . . . . . . . . . .	Number	 0000000Ah   
IDYES  . . . . . . . . . . . . .	Number	 00000006h   
INVALID_HANDLE_VALUE . . . . . .	Number	 -00000001h   
KBDOWN_FLAG  . . . . . . . . . .	Number	 00000001h   
KEY_EVENT  . . . . . . . . . . .	Number	 00000001h   
KEY_MASKS  . . . . . . . . . . .	Number	 0000001Fh   
LEFT_ALT_PRESSED . . . . . . . .	Number	 00000002h   
LEFT_CTRL_PRESSED  . . . . . . .	Number	 00000008h   
MB_ABORTRETRYIGNORE  . . . . . .	Number	 00000002h   
MB_APPLMODAL . . . . . . . . . .	Number	 00000000h   
MB_CANCELTRYCONTINUE . . . . . .	Number	 00000006h   
MB_DEFBUTTON1  . . . . . . . . .	Number	 00000000h   
MB_DEFBUTTON2  . . . . . . . . .	Number	 00000100h   
MB_DEFBUTTON3  . . . . . . . . .	Number	 00000200h   
MB_DEFBUTTON4  . . . . . . . . .	Number	 00000300h   
MB_HELP  . . . . . . . . . . . .	Number	 00004000h   
MB_ICONASTERISK  . . . . . . . .	Number	 00000040h   
MB_ICONERROR . . . . . . . . . .	Number	 00000010h   
MB_ICONEXCLAMATION . . . . . . .	Number	 00000030h   
MB_ICONHAND  . . . . . . . . . .	Number	 00000010h   
MB_ICONINFORMATION . . . . . . .	Number	 00000040h   
MB_ICONQUESTION  . . . . . . . .	Number	 00000020h   
MB_ICONSTOP  . . . . . . . . . .	Number	 00000010h   
MB_ICONWARNING . . . . . . . . .	Number	 00000030h   
MB_OKCANCEL  . . . . . . . . . .	Number	 00000001h   
MB_OK  . . . . . . . . . . . . .	Number	 00000000h   
MB_RETRYCANCEL . . . . . . . . .	Number	 00000005h   
MB_SYSTEMMODAL . . . . . . . . .	Number	 00001000h   
MB_TASKMODAL . . . . . . . . . .	Number	 00002000h   
MB_USERICON  . . . . . . . . . .	Number	 00000080h   
MB_YESNOCANCEL . . . . . . . . .	Number	 00000003h   
MB_YESNO . . . . . . . . . . . .	Number	 00000004h   
MENU_EVENT . . . . . . . . . . .	Number	 00000008h   
MOUSE_EVENT  . . . . . . . . . .	Number	 00000002h   
MessageBox . . . . . . . . . . .	Text   	 MessageBoxA
NULL . . . . . . . . . . . . . .	Number	 00000000h   
NUMLOCK_ON . . . . . . . . . . .	Number	 00000020h   
OPEN_ALWAYS  . . . . . . . . . .	Number	 00000004h   
OPEN_EXISTING  . . . . . . . . .	Number	 00000003h   
PeekConsoleInput . . . . . . . .	Text   	 PeekConsoleInputA
RIGHT_ALT_PRESSED  . . . . . . .	Number	 00000001h   
RIGHT_CTRL_PRESSED . . . . . . .	Number	 00000004h   
ReadConsoleInput . . . . . . . .	Text   	 ReadConsoleInputA
ReadConsole  . . . . . . . . . .	Text   	 ReadConsoleA
SCROLLLOCK_ON  . . . . . . . . .	Number	 00000040h   
SHIFT_MASK . . . . . . . . . . .	Number	 00000010h   
SHIFT_PRESSED  . . . . . . . . .	Number	 00000010h   
STD_ERROR_HANDLE . . . . . . . .	Number	 -0000000Ch   
STD_INPUT_HANDLE . . . . . . . .	Number	 -0000000Ah   
STD_OUTPUT_HANDLE  . . . . . . .	Number	 -0000000Bh   
SetConsoleTitle  . . . . . . . .	Text   	 SetConsoleTitleA
TAB  . . . . . . . . . . . . . .	Number	 00000009h   
TRUE . . . . . . . . . . . . . .	Number	 00000001h   
TRUNCATE_EXISTING  . . . . . . .	Number	 00000005h   
VK_11  . . . . . . . . . . . . .	Number	 000000BDh   
VK_12  . . . . . . . . . . . . .	Number	 000000BBh   
VK_ADD . . . . . . . . . . . . .	Number	 0000006Bh   
VK_BACK  . . . . . . . . . . . .	Number	 00000008h   
VK_CANCEL  . . . . . . . . . . .	Number	 00000003h   
VK_CAPITAL . . . . . . . . . . .	Number	 00000014h   
VK_CLEAR . . . . . . . . . . . .	Number	 0000000Ch   
VK_CONTROL . . . . . . . . . . .	Number	 00000011h   
VK_DECIMAL . . . . . . . . . . .	Number	 0000006Eh   
VK_DELETE  . . . . . . . . . . .	Number	 0000002Eh   
VK_DIVIDE  . . . . . . . . . . .	Number	 0000006Fh   
VK_DOWN  . . . . . . . . . . . .	Number	 00000028h   
VK_END . . . . . . . . . . . . .	Number	 00000023h   
VK_ESCAPE  . . . . . . . . . . .	Number	 0000001Bh   
VK_EXECUTE . . . . . . . . . . .	Number	 0000002Bh   
VK_F10 . . . . . . . . . . . . .	Number	 00000079h   
VK_F11 . . . . . . . . . . . . .	Number	 0000007Ah   
VK_F12 . . . . . . . . . . . . .	Number	 0000007Bh   
VK_F13 . . . . . . . . . . . . .	Number	 0000007Ch   
VK_F14 . . . . . . . . . . . . .	Number	 0000007Dh   
VK_F15 . . . . . . . . . . . . .	Number	 0000007Eh   
VK_F16 . . . . . . . . . . . . .	Number	 0000007Fh   
VK_F17 . . . . . . . . . . . . .	Number	 00000080h   
VK_F18 . . . . . . . . . . . . .	Number	 00000081h   
VK_F19 . . . . . . . . . . . . .	Number	 00000082h   
VK_F1  . . . . . . . . . . . . .	Number	 00000070h   
VK_F20 . . . . . . . . . . . . .	Number	 00000083h   
VK_F21 . . . . . . . . . . . . .	Number	 00000084h   
VK_F22 . . . . . . . . . . . . .	Number	 00000085h   
VK_F23 . . . . . . . . . . . . .	Number	 00000086h   
VK_F24 . . . . . . . . . . . . .	Number	 00000087h   
VK_F2  . . . . . . . . . . . . .	Number	 00000071h   
VK_F3  . . . . . . . . . . . . .	Number	 00000072h   
VK_F4  . . . . . . . . . . . . .	Number	 00000073h   
VK_F5  . . . . . . . . . . . . .	Number	 00000074h   
VK_F6  . . . . . . . . . . . . .	Number	 00000075h   
VK_F7  . . . . . . . . . . . . .	Number	 00000076h   
VK_F8  . . . . . . . . . . . . .	Number	 00000077h   
VK_F9  . . . . . . . . . . . . .	Number	 00000078h   
VK_HELP  . . . . . . . . . . . .	Number	 0000002Fh   
VK_HOME  . . . . . . . . . . . .	Number	 00000024h   
VK_INSERT  . . . . . . . . . . .	Number	 0000002Dh   
VK_LBUTTON . . . . . . . . . . .	Number	 00000001h   
VK_LCONTROL  . . . . . . . . . .	Number	 000000A2h   
VK_LEFT  . . . . . . . . . . . .	Number	 00000025h   
VK_LMENU . . . . . . . . . . . .	Number	 000000A4h   
VK_LSHIFT  . . . . . . . . . . .	Number	 000000A0h   
VK_MENU  . . . . . . . . . . . .	Number	 00000012h   
VK_MULTIPLY  . . . . . . . . . .	Number	 0000006Ah   
VK_NEXT  . . . . . . . . . . . .	Number	 00000022h   
VK_NUMLOCK . . . . . . . . . . .	Number	 00000090h   
VK_NUMPAD0 . . . . . . . . . . .	Number	 00000060h   
VK_NUMPAD1 . . . . . . . . . . .	Number	 00000061h   
VK_NUMPAD2 . . . . . . . . . . .	Number	 00000062h   
VK_NUMPAD3 . . . . . . . . . . .	Number	 00000063h   
VK_NUMPAD4 . . . . . . . . . . .	Number	 00000064h   
VK_NUMPAD5 . . . . . . . . . . .	Number	 00000065h   
VK_NUMPAD6 . . . . . . . . . . .	Number	 00000066h   
VK_NUMPAD7 . . . . . . . . . . .	Number	 00000067h   
VK_NUMPAD8 . . . . . . . . . . .	Number	 00000068h   
VK_NUMPAD9 . . . . . . . . . . .	Number	 00000069h   
VK_PAUSE . . . . . . . . . . . .	Number	 00000013h   
VK_PRINT . . . . . . . . . . . .	Number	 0000002Ah   
VK_PRIOR . . . . . . . . . . . .	Number	 00000021h   
VK_RBUTTON . . . . . . . . . . .	Number	 00000002h   
VK_RCONTROL  . . . . . . . . . .	Number	 000000A3h   
VK_RETURN  . . . . . . . . . . .	Number	 0000000Dh   
VK_RIGHT . . . . . . . . . . . .	Number	 00000027h   
VK_RMENU . . . . . . . . . . . .	Number	 000000A5h   
VK_RSHIFT  . . . . . . . . . . .	Number	 000000A1h   
VK_SCROLL  . . . . . . . . . . .	Number	 00000091h   
VK_SEPARATER . . . . . . . . . .	Number	 0000006Ch   
VK_SHIFT . . . . . . . . . . . .	Number	 00000010h   
VK_SNAPSHOT  . . . . . . . . . .	Number	 0000002Ch   
VK_SPACE . . . . . . . . . . . .	Number	 00000020h   
VK_SUBTRACT  . . . . . . . . . .	Number	 0000006Dh   
VK_TAB . . . . . . . . . . . . .	Number	 00000009h   
VK_UP  . . . . . . . . . . . . .	Number	 00000026h   
WINDOW_BUFFER_SIZE_EVENT . . . .	Number	 00000004h   
WriteConsoleOutputCharacter  . .	Text   	 WriteConsoleOutputCharacterA
WriteConsole . . . . . . . . . .	Text   	 WriteConsoleA
beginX . . . . . . . . . . . . .	Byte	 00000012 _DATA	
black  . . . . . . . . . . . . .	Number	 00000000h   
blue . . . . . . . . . . . . . .	Number	 00000001h   
brown  . . . . . . . . . . . . .	Number	 00000006h   
cyan . . . . . . . . . . . . . .	Number	 00000003h   
deathMessage . . . . . . . . . .	Byte	 00000013 _DATA	
exit . . . . . . . . . . . . . .	Text   	 INVOKE ExitProcess,0
gray . . . . . . . . . . . . . .	Number	 00000008h   
green  . . . . . . . . . . . . .	Number	 00000002h   
lightBlue  . . . . . . . . . . .	Number	 00000009h   
lightCyan  . . . . . . . . . . .	Number	 0000000Bh   
lightGray  . . . . . . . . . . .	Number	 00000007h   
lightGreen . . . . . . . . . . .	Number	 0000000Ah   
lightMagenta . . . . . . . . . .	Number	 0000000Dh   
lightRed . . . . . . . . . . . .	Number	 0000000Ch   
magenta  . . . . . . . . . . . .	Number	 00000005h   
rainX  . . . . . . . . . . . . .	Byte	 00000024 _DATA	
rain . . . . . . . . . . . . . .	Byte	 00000004 _DATA	
randPos  . . . . . . . . . . . .	DWord	 00000000 _DATA	
red  . . . . . . . . . . . . . .	Number	 00000004h   
replay . . . . . . . . . . . . .	Byte	 00000025 _DATA	
response . . . . . . . . . . . .	Byte	 00000037 _DATA	
titleStr . . . . . . . . . . . .	Byte	 00000006 _DATA	
white  . . . . . . . . . . . . .	Number	 0000000Fh   
wsprintf . . . . . . . . . . . .	Text   	 wsprintfA
yellow . . . . . . . . . . . . .	Number	 0000000Eh   
y  . . . . . . . . . . . . . . .	Byte	 00000005 _DATA	

	   0 Warnings
	   2 Errors
